<?xml version="1.0" encoding="UTF-8"?>
<!-- Generated by org.testng.reporters.JUnitXMLReporter -->
<testsuite hostname="LAPTOP-S06757DU" ignored="0" name="Default test" tests="3" failures="0" timestamp="28 Sep 2018 17:16:18 GMT" time="46.322" errors="0">
  <testcase name="addMultiplevaluesTest" time="1.374" classname="hrm.testcases.AddEmpTest"/>
  <testcase name="addMultiplevaluesTest" time="1.069" classname="hrm.testcases.AddEmpTest"/>
  <testcase name="addMultiplevaluesTest" time="1.206" classname="hrm.testcases.AddEmpTest"/>
</testsuite> <!-- Default test -->
