<?xml version="1.0" encoding="UTF-8"?>
<!-- Generated by org.testng.reporters.JUnitXMLReporter -->
<testsuite hostname="LAPTOP-S06757DU" ignored="0" name="Command line test" tests="13" failures="0" timestamp="29 Sep 2018 01:20:06 GMT" time="196.197" errors="0">
  <testcase name="addMultiplevaluesTest" time="1.82" classname="hrm.testcases.AddEmpTest"/>
  <testcase name="addMultiplevaluesTest" time="1.204" classname="hrm.testcases.AddEmpTest"/>
  <testcase name="addMultiplevaluesTest" time="1.12" classname="hrm.testcases.AddEmpTest"/>
  <testcase name="verifyEmpList" time="1.14" classname="hrm.testcases.EmpListTest"/>
  <testcase name="verifyHomepageLabeltest" time="0.106" classname="hrm.testcases.HomepageTest"/>
  <testcase name="verifyHomepageTitleTest" time="0.029" classname="hrm.testcases.HomepageTest"/>
  <testcase name="verifyPIMLinkTest" time="1.799" classname="hrm.testcases.HomepageTest"/>
  <testcase name="addJobDetailsTest" time="2.05" classname="hrm.testcases.JobPageTest"/>
  <testcase name="hrmLogoTest" time="0.069" classname="hrm.testcases.LoginpageTest"/>
  <testcase name="loginTest" time="1.516" classname="hrm.testcases.LoginpageTest"/>
  <testcase name="loginpageTitleTest" time="1.017" classname="hrm.testcases.LoginpageTest"/>
  <testcase name="verifyClickonJobTest" time="0.643" classname="hrm.testcases.PersonalDetailsTest"/>
  <testcase name="verifyaddempTest" time="0.529" classname="hrm.testcases.PIMPageTest"/>
</testsuite> <!-- Command line test -->
