<?xml version="1.0" encoding="UTF-8"?>
<!-- Generated by org.testng.reporters.JUnitXMLReporter -->
<testsuite hostname="LAPTOP-S06757DU" ignored="0" name="Opensource HRM Test" tests="13" failures="0" timestamp="28 Sep 2018 17:19:25 GMT" time="144.615" errors="0">
  <testcase name="hrmLogoTest" time="0.153" classname="hrm.testcases.LoginpageTest"/>
  <testcase name="loginTest" time="1.385" classname="hrm.testcases.LoginpageTest"/>
  <testcase name="loginpageTitleTest" time="1.015" classname="hrm.testcases.LoginpageTest"/>
  <testcase name="verifyHomepageLabeltest" time="0.392" classname="hrm.testcases.HomepageTest"/>
  <testcase name="verifyHomepageTitleTest" time="0.01" classname="hrm.testcases.HomepageTest"/>
  <testcase name="verifyPIMLinkTest" time="1.174" classname="hrm.testcases.HomepageTest"/>
  <testcase name="verifyaddempTest" time="0.49" classname="hrm.testcases.PIMPageTest"/>
  <testcase name="addMultiplevaluesTest" time="1.185" classname="hrm.testcases.AddEmpTest"/>
  <testcase name="addMultiplevaluesTest" time="0.981" classname="hrm.testcases.AddEmpTest"/>
  <testcase name="addMultiplevaluesTest" time="1.167" classname="hrm.testcases.AddEmpTest"/>
  <testcase name="verifyClickonJobTest" time="0.524" classname="hrm.testcases.PersonalDetailsTest"/>
  <testcase name="addJobDetailsTest" time="1.68" classname="hrm.testcases.JobPageTest"/>
  <testcase name="verifyEmpList" time="0.825" classname="hrm.testcases.EmpListTest"/>
</testsuite> <!-- Opensource HRM Test -->
