<?xml version="1.0" encoding="UTF-8" ?>
<testsuite tests="13" failures="0" name="TestSuite" time="13.046" errors="0" skipped="0">
  <properties>
[...]
</properties>
  <testcase classname="hrm.testcases.AddEmpTest" name="addMultiplevaluesTest" time="1.818"/>
  <testcase classname="hrm.testcases.AddEmpTest" name="addMultiplevaluesTest" time="1.208"/>
  <testcase classname="hrm.testcases.AddEmpTest" name="addMultiplevaluesTest" time="1.119"/>
  <testcase classname="hrm.testcases.EmpListTest" name="verifyEmpList" time="1.14"/>
  <testcase classname="hrm.testcases.HomepageTest" name="verifyHomepageLabeltest" time="0.106"/>
  <testcase classname="hrm.testcases.HomepageTest" name="verifyHomepageTitleTest" time="0.03"/>
  <testcase classname="hrm.testcases.HomepageTest" name="verifyPIMLinkTest" time="1.8"/>
  <testcase classname="hrm.testcases.JobPageTest" name="addJobDetailsTest" time="2.05"/>
  <testcase classname="hrm.testcases.LoginpageTest" name="hrmLogoTest" time="0.068"/>
  <testcase classname="hrm.testcases.LoginpageTest" name="loginTest" time="1.517"/>
  <testcase classname="hrm.testcases.LoginpageTest" name="loginpageTitleTest" time="1.017"/>
  <testcase classname="hrm.testcases.PersonalDetailsTest" name="verifyClickonJobTest" time="0.644"/>
  <testcase classname="hrm.testcases.PIMPageTest" name="verifyaddempTest" time="0.529"/>
</testsuite>