<?xml version="1.0" encoding="UTF-8"?>
<testng-results skipped="0" failed="0" ignored="0" total="13" passed="13">
  <reporter-output>
  </reporter-output>
  <suite name="Command line suite" duration-ms="196197" started-at="2018-09-29T01:16:49Z" finished-at="2018-09-29T01:20:05Z">
    <groups>
    </groups>
    <test name="Command line test" duration-ms="196197" started-at="2018-09-29T01:16:49Z" finished-at="2018-09-29T01:20:05Z">
      <class name="hrm.testcases.PIMPageTest">
        <test-method status="PASS" signature="setup()[pri:0, instance:hrm.testcases.PIMPageTest@531be3c5]" name="setup" is-config="true" duration-ms="11572" started-at="2018-09-28T20:19:51Z" finished-at="2018-09-28T20:20:03Z">
          <reporter-output>
          </reporter-output>
        </test-method> <!-- setup -->
        <test-method status="PASS" signature="verifyaddempTest()[pri:0, instance:hrm.testcases.PIMPageTest@531be3c5]" name="verifyaddempTest" duration-ms="529" started-at="2018-09-28T20:20:03Z" finished-at="2018-09-28T20:20:03Z">
          <reporter-output>
          </reporter-output>
        </test-method> <!-- verifyaddempTest -->
        <test-method status="PASS" signature="teardown()[pri:0, instance:hrm.testcases.PIMPageTest@531be3c5]" name="teardown" is-config="true" duration-ms="2167" started-at="2018-09-28T20:20:03Z" finished-at="2018-09-28T20:20:05Z">
          <reporter-output>
          </reporter-output>
        </test-method> <!-- teardown -->
      </class> <!-- hrm.testcases.PIMPageTest -->
      <class name="hrm.testcases.LoginpageTest">
        <test-method status="PASS" signature="setup()[pri:0, instance:hrm.testcases.LoginpageTest@5a61f5df]" name="setup" is-config="true" duration-ms="8241" started-at="2018-09-28T20:19:09Z" finished-at="2018-09-28T20:19:17Z">
          <reporter-output>
          </reporter-output>
        </test-method> <!-- setup -->
        <test-method status="PASS" signature="hrmLogoTest()[pri:0, instance:hrm.testcases.LoginpageTest@5a61f5df]" name="hrmLogoTest" duration-ms="69" started-at="2018-09-28T20:19:17Z" finished-at="2018-09-28T20:19:17Z">
          <reporter-output>
          </reporter-output>
        </test-method> <!-- hrmLogoTest -->
        <test-method status="PASS" signature="teardown()[pri:0, instance:hrm.testcases.LoginpageTest@5a61f5df]" name="teardown" is-config="true" duration-ms="817" started-at="2018-09-28T20:19:17Z" finished-at="2018-09-28T20:19:18Z">
          <reporter-output>
          </reporter-output>
        </test-method> <!-- teardown -->
        <test-method status="PASS" signature="setup()[pri:0, instance:hrm.testcases.LoginpageTest@5a61f5df]" name="setup" is-config="true" duration-ms="7163" started-at="2018-09-28T20:19:18Z" finished-at="2018-09-28T20:19:25Z">
          <reporter-output>
          </reporter-output>
        </test-method> <!-- setup -->
        <test-method status="PASS" signature="loginTest()[pri:0, instance:hrm.testcases.LoginpageTest@5a61f5df]" name="loginTest" duration-ms="1516" started-at="2018-09-28T20:19:25Z" finished-at="2018-09-28T20:19:27Z">
          <reporter-output>
          </reporter-output>
        </test-method> <!-- loginTest -->
        <test-method status="PASS" signature="teardown()[pri:0, instance:hrm.testcases.LoginpageTest@5a61f5df]" name="teardown" is-config="true" duration-ms="871" started-at="2018-09-28T20:19:27Z" finished-at="2018-09-28T20:19:28Z">
          <reporter-output>
          </reporter-output>
        </test-method> <!-- teardown -->
        <test-method status="PASS" signature="setup()[pri:0, instance:hrm.testcases.LoginpageTest@5a61f5df]" name="setup" is-config="true" duration-ms="6366" started-at="2018-09-28T20:19:28Z" finished-at="2018-09-28T20:19:34Z">
          <reporter-output>
          </reporter-output>
        </test-method> <!-- setup -->
        <test-method status="PASS" signature="loginpageTitleTest()[pri:0, instance:hrm.testcases.LoginpageTest@5a61f5df]" name="loginpageTitleTest" duration-ms="1017" started-at="2018-09-28T20:19:34Z" finished-at="2018-09-28T20:19:35Z">
          <reporter-output>
          </reporter-output>
        </test-method> <!-- loginpageTitleTest -->
        <test-method status="PASS" signature="teardown()[pri:0, instance:hrm.testcases.LoginpageTest@5a61f5df]" name="teardown" is-config="true" duration-ms="892" started-at="2018-09-28T20:19:35Z" finished-at="2018-09-28T20:19:36Z">
          <reporter-output>
          </reporter-output>
        </test-method> <!-- teardown -->
      </class> <!-- hrm.testcases.LoginpageTest -->
      <class name="hrm.testcases.HomepageTest">
        <test-method status="PASS" signature="setup()[pri:0, instance:hrm.testcases.HomepageTest@54a097cc]" name="setup" is-config="true" duration-ms="9597" started-at="2018-09-28T20:18:12Z" finished-at="2018-09-28T20:18:22Z">
          <reporter-output>
          </reporter-output>
        </test-method> <!-- setup -->
        <test-method status="PASS" signature="verifyHomepageLabeltest()[pri:0, instance:hrm.testcases.HomepageTest@54a097cc]" name="verifyHomepageLabeltest" duration-ms="106" started-at="2018-09-28T20:18:22Z" finished-at="2018-09-28T20:18:22Z">
          <reporter-output>
          </reporter-output>
        </test-method> <!-- verifyHomepageLabeltest -->
        <test-method status="PASS" signature="teardown()[pri:0, instance:hrm.testcases.HomepageTest@54a097cc]" name="teardown" is-config="true" duration-ms="2586" started-at="2018-09-28T20:18:22Z" finished-at="2018-09-28T20:18:25Z">
          <reporter-output>
          </reporter-output>
        </test-method> <!-- teardown -->
        <test-method status="PASS" signature="setup()[pri:0, instance:hrm.testcases.HomepageTest@54a097cc]" name="setup" is-config="true" duration-ms="9656" started-at="2018-09-28T20:18:25Z" finished-at="2018-09-28T20:18:34Z">
          <reporter-output>
          </reporter-output>
        </test-method> <!-- setup -->
        <test-method status="PASS" signature="verifyHomepageTitleTest()[pri:0, instance:hrm.testcases.HomepageTest@54a097cc]" name="verifyHomepageTitleTest" duration-ms="29" started-at="2018-09-28T20:18:34Z" finished-at="2018-09-28T20:18:34Z">
          <reporter-output>
          </reporter-output>
        </test-method> <!-- verifyHomepageTitleTest -->
        <test-method status="PASS" signature="teardown()[pri:0, instance:hrm.testcases.HomepageTest@54a097cc]" name="teardown" is-config="true" duration-ms="2771" started-at="2018-09-28T20:18:34Z" finished-at="2018-09-28T20:18:37Z">
          <reporter-output>
          </reporter-output>
        </test-method> <!-- teardown -->
        <test-method status="PASS" signature="setup()[pri:0, instance:hrm.testcases.HomepageTest@54a097cc]" name="setup" is-config="true" duration-ms="10632" started-at="2018-09-28T20:18:37Z" finished-at="2018-09-28T20:18:48Z">
          <reporter-output>
          </reporter-output>
        </test-method> <!-- setup -->
        <test-method status="PASS" signature="verifyPIMLinkTest()[pri:0, instance:hrm.testcases.HomepageTest@54a097cc]" name="verifyPIMLinkTest" duration-ms="1799" started-at="2018-09-28T20:18:48Z" finished-at="2018-09-28T20:18:50Z">
          <reporter-output>
          </reporter-output>
        </test-method> <!-- verifyPIMLinkTest -->
        <test-method status="PASS" signature="teardown()[pri:0, instance:hrm.testcases.HomepageTest@54a097cc]" name="teardown" is-config="true" duration-ms="2135" started-at="2018-09-28T20:18:50Z" finished-at="2018-09-28T20:18:52Z">
          <reporter-output>
          </reporter-output>
        </test-method> <!-- teardown -->
      </class> <!-- hrm.testcases.HomepageTest -->
      <class name="hrm.testcases.JobPageTest">
        <test-method status="PASS" signature="setup()[pri:0, instance:hrm.testcases.JobPageTest@36f6e879]" name="setup" is-config="true" duration-ms="12913" started-at="2018-09-28T20:18:52Z" finished-at="2018-09-28T20:19:05Z">
          <reporter-output>
          </reporter-output>
        </test-method> <!-- setup -->
        <test-method status="PASS" signature="addJobDetailsTest()[pri:0, instance:hrm.testcases.JobPageTest@36f6e879]" name="addJobDetailsTest" duration-ms="2050" started-at="2018-09-28T20:19:05Z" finished-at="2018-09-28T20:19:07Z">
          <reporter-output>
          </reporter-output>
        </test-method> <!-- addJobDetailsTest -->
        <test-method status="PASS" signature="teardown()[pri:0, instance:hrm.testcases.JobPageTest@36f6e879]" name="teardown" is-config="true" duration-ms="2194" started-at="2018-09-28T20:19:07Z" finished-at="2018-09-28T20:19:09Z">
          <reporter-output>
          </reporter-output>
        </test-method> <!-- teardown -->
      </class> <!-- hrm.testcases.JobPageTest -->
      <class name="hrm.testcases.EmpListTest">
        <test-method status="PASS" signature="setup()[pri:0, instance:hrm.testcases.EmpListTest@7225790e]" name="setup" is-config="true" duration-ms="15547" started-at="2018-09-28T20:17:53Z" finished-at="2018-09-28T20:18:09Z">
          <reporter-output>
          </reporter-output>
        </test-method> <!-- setup -->
        <test-method status="PASS" signature="verifyEmpList()[pri:0, instance:hrm.testcases.EmpListTest@7225790e]" name="verifyEmpList" duration-ms="1140" started-at="2018-09-28T20:18:09Z" finished-at="2018-09-28T20:18:10Z">
          <reporter-output>
          </reporter-output>
        </test-method> <!-- verifyEmpList -->
        <test-method status="PASS" signature="teardown()[pri:0, instance:hrm.testcases.EmpListTest@7225790e]" name="teardown" is-config="true" duration-ms="2677" started-at="2018-09-28T20:18:10Z" finished-at="2018-09-28T20:18:12Z">
          <reporter-output>
          </reporter-output>
        </test-method> <!-- teardown -->
      </class> <!-- hrm.testcases.EmpListTest -->
      <class name="hrm.testcases.PersonalDetailsTest">
        <test-method status="PASS" signature="setup()[pri:0, instance:hrm.testcases.PersonalDetailsTest@3551a94]" name="setup" is-config="true" duration-ms="12472" started-at="2018-09-28T20:19:36Z" finished-at="2018-09-28T20:19:48Z">
          <reporter-output>
          </reporter-output>
        </test-method> <!-- setup -->
        <test-method status="PASS" signature="verifyClickonJobTest()[pri:0, instance:hrm.testcases.PersonalDetailsTest@3551a94]" name="verifyClickonJobTest" duration-ms="643" started-at="2018-09-28T20:19:48Z" finished-at="2018-09-28T20:19:49Z">
          <reporter-output>
          </reporter-output>
        </test-method> <!-- verifyClickonJobTest -->
        <test-method status="PASS" signature="teardown()[pri:0, instance:hrm.testcases.PersonalDetailsTest@3551a94]" name="teardown" is-config="true" duration-ms="2120" started-at="2018-09-28T20:19:49Z" finished-at="2018-09-28T20:19:51Z">
          <reporter-output>
          </reporter-output>
        </test-method> <!-- teardown -->
      </class> <!-- hrm.testcases.PersonalDetailsTest -->
      <class name="hrm.testcases.AddEmpTest">
        <test-method status="PASS" signature="setup()[pri:0, instance:hrm.testcases.AddEmpTest@35fb3008]" name="setup" is-config="true" duration-ms="29753" started-at="2018-09-28T20:16:50Z" finished-at="2018-09-28T20:17:20Z">
          <reporter-output>
          </reporter-output>
        </test-method> <!-- setup -->
        <test-method status="PASS" signature="addMultiplevaluesTest(java.lang.String, java.lang.String)[pri:0, instance:hrm.testcases.AddEmpTest@35fb3008]" name="addMultiplevaluesTest" duration-ms="1820" started-at="2018-09-28T20:17:20Z" data-provider="gettestdata" finished-at="2018-09-28T20:17:22Z">
          <params>
            <param index="0">
              <value>
                <![CDATA[Sam]]>
              </value>
            </param>
            <param index="1">
              <value>
                <![CDATA[Tony]]>
              </value>
            </param>
          </params>
          <reporter-output>
          </reporter-output>
        </test-method> <!-- addMultiplevaluesTest -->
        <test-method status="PASS" signature="teardown()[pri:0, instance:hrm.testcases.AddEmpTest@35fb3008]" name="teardown" is-config="true" duration-ms="2257" started-at="2018-09-28T20:17:22Z" finished-at="2018-09-28T20:17:24Z">
          <reporter-output>
          </reporter-output>
        </test-method> <!-- teardown -->
        <test-method status="PASS" signature="setup()[pri:0, instance:hrm.testcases.AddEmpTest@35fb3008]" name="setup" is-config="true" duration-ms="11152" started-at="2018-09-28T20:17:24Z" finished-at="2018-09-28T20:17:35Z">
          <reporter-output>
          </reporter-output>
        </test-method> <!-- setup -->
        <test-method status="PASS" signature="addMultiplevaluesTest(java.lang.String, java.lang.String)[pri:0, instance:hrm.testcases.AddEmpTest@35fb3008]" name="addMultiplevaluesTest" duration-ms="1204" started-at="2018-09-28T20:17:35Z" data-provider="gettestdata" finished-at="2018-09-28T20:17:36Z">
          <params>
            <param index="0">
              <value>
                <![CDATA[Rosy]]>
              </value>
            </param>
            <param index="1">
              <value>
                <![CDATA[Don]]>
              </value>
            </param>
          </params>
          <reporter-output>
          </reporter-output>
        </test-method> <!-- addMultiplevaluesTest -->
        <test-method status="PASS" signature="teardown()[pri:0, instance:hrm.testcases.AddEmpTest@35fb3008]" name="teardown" is-config="true" duration-ms="2239" started-at="2018-09-28T20:17:36Z" finished-at="2018-09-28T20:17:38Z">
          <reporter-output>
          </reporter-output>
        </test-method> <!-- teardown -->
        <test-method status="PASS" signature="setup()[pri:0, instance:hrm.testcases.AddEmpTest@35fb3008]" name="setup" is-config="true" duration-ms="11014" started-at="2018-09-28T20:17:38Z" finished-at="2018-09-28T20:17:50Z">
          <reporter-output>
          </reporter-output>
        </test-method> <!-- setup -->
        <test-method status="PASS" signature="addMultiplevaluesTest(java.lang.String, java.lang.String)[pri:0, instance:hrm.testcases.AddEmpTest@35fb3008]" name="addMultiplevaluesTest" duration-ms="1120" started-at="2018-09-28T20:17:50Z" data-provider="gettestdata" finished-at="2018-09-28T20:17:51Z">
          <params>
            <param index="0">
              <value>
                <![CDATA[Pam]]>
              </value>
            </param>
            <param index="1">
              <value>
                <![CDATA[Sunny]]>
              </value>
            </param>
          </params>
          <reporter-output>
          </reporter-output>
        </test-method> <!-- addMultiplevaluesTest -->
        <test-method status="PASS" signature="teardown()[pri:0, instance:hrm.testcases.AddEmpTest@35fb3008]" name="teardown" is-config="true" duration-ms="2457" started-at="2018-09-28T20:17:51Z" finished-at="2018-09-28T20:17:53Z">
          <reporter-output>
          </reporter-output>
        </test-method> <!-- teardown -->
      </class> <!-- hrm.testcases.AddEmpTest -->
    </test> <!-- Command line test -->
  </suite> <!-- Command line suite -->
</testng-results>
